  Final.cpp
C:\CGeIHC\proyecto teoria\ROQUE_GRAFICA\Proyecto_Curso_CGeHC\PROYECTO_FINAL\include\shader_m.h(44,40): warning C4101: 'e': variable local sin referencia
C:\CGeIHC\proyecto teoria\ROQUE_GRAFICA\Proyecto_Curso_CGeHC\PROYECTO_FINAL\include\modelAnim.h(104,44): warning C4244: '=': conversión de 'double' a 'float'; posible pérdida de datos
C:\CGeIHC\proyecto teoria\ROQUE_GRAFICA\Proyecto_Curso_CGeHC\PROYECTO_FINAL\include\modelAnim.h(520,24): warning C4244: 'inicializando': conversión de 'double' a 'float'; posible pérdida de datos
C:\CGeIHC\proyecto teoria\ROQUE_GRAFICA\Proyecto_Curso_CGeHC\PROYECTO_FINAL\Final.cpp(39,44): warning C4305: 'inicializando': truncamiento de 'double' a 'float'
C:\CGeIHC\proyecto teoria\ROQUE_GRAFICA\Proyecto_Curso_CGeHC\PROYECTO_FINAL\Final.cpp(386,13): warning C4244: 'inicializando': conversión de 'double' a 'float'; posible pérdida de datos
C:\CGeIHC\proyecto teoria\ROQUE_GRAFICA\Proyecto_Curso_CGeHC\PROYECTO_FINAL\Final.cpp(389,16): warning C4244: 'inicializando': conversión de 'double' a 'float'; posible pérdida de datos
C:\CGeIHC\proyecto teoria\ROQUE_GRAFICA\Proyecto_Curso_CGeHC\PROYECTO_FINAL\Final.cpp(524,16): warning C4018: '<': no coinciden signed/unsigned
C:\CGeIHC\proyecto teoria\ROQUE_GRAFICA\Proyecto_Curso_CGeHC\PROYECTO_FINAL\Final.cpp(584,32): warning C4244: 'argumento': conversión de 'double' a '_Ty'; posible pérdida de datos
          with
          [
              _Ty=GLfloat
          ]
C:\CGeIHC\proyecto teoria\ROQUE_GRAFICA\Proyecto_Curso_CGeHC\PROYECTO_FINAL\Final.cpp(586,32): warning C4244: 'argumento': conversión de 'double' a '_Ty'; posible pérdida de datos
          with
          [
              _Ty=GLfloat
          ]
C:\CGeIHC\proyecto teoria\ROQUE_GRAFICA\Proyecto_Curso_CGeHC\PROYECTO_FINAL\Final.cpp(955,25): warning C4244: '=': conversión de 'double' a 'T'; posible pérdida de datos
          with
          [
              T=float
          ]
C:\CGeIHC\proyecto teoria\ROQUE_GRAFICA\Proyecto_Curso_CGeHC\PROYECTO_FINAL\Final.cpp(956,25): warning C4244: '=': conversión de 'double' a 'T'; posible pérdida de datos
          with
          [
              T=float
          ]
C:\CGeIHC\proyecto teoria\ROQUE_GRAFICA\Proyecto_Curso_CGeHC\PROYECTO_FINAL\Final.cpp(965,16): warning C4305: '-=': truncamiento de 'double' a 'float'
C:\CGeIHC\proyecto teoria\ROQUE_GRAFICA\Proyecto_Curso_CGeHC\PROYECTO_FINAL\Final.cpp(973,17): warning C4305: '-=': truncamiento de 'double' a 'float'
C:\CGeIHC\proyecto teoria\ROQUE_GRAFICA\Proyecto_Curso_CGeHC\PROYECTO_FINAL\Final.cpp(981,17): warning C4305: '-=': truncamiento de 'double' a 'float'
C:\CGeIHC\proyecto teoria\ROQUE_GRAFICA\Proyecto_Curso_CGeHC\PROYECTO_FINAL\Final.cpp(989,18): warning C4305: '-=': truncamiento de 'double' a 'float'
C:\CGeIHC\proyecto teoria\ROQUE_GRAFICA\Proyecto_Curso_CGeHC\PROYECTO_FINAL\Final.cpp(997,17): warning C4305: '+=': truncamiento de 'double' a 'float'
C:\CGeIHC\proyecto teoria\ROQUE_GRAFICA\Proyecto_Curso_CGeHC\PROYECTO_FINAL\Final.cpp(1005,18): warning C4305: '+=': truncamiento de 'double' a 'float'
C:\CGeIHC\proyecto teoria\ROQUE_GRAFICA\Proyecto_Curso_CGeHC\PROYECTO_FINAL\Final.cpp(1013,18): warning C4305: '+=': truncamiento de 'double' a 'float'
C:\CGeIHC\proyecto teoria\ROQUE_GRAFICA\Proyecto_Curso_CGeHC\PROYECTO_FINAL\Final.cpp(1021,19): warning C4305: '+=': truncamiento de 'double' a 'float'
C:\CGeIHC\proyecto teoria\ROQUE_GRAFICA\Proyecto_Curso_CGeHC\PROYECTO_FINAL\Final.cpp(2529,20): warning C4305: '+=': truncamiento de 'double' a 'float'
C:\CGeIHC\proyecto teoria\ROQUE_GRAFICA\Proyecto_Curso_CGeHC\PROYECTO_FINAL\Final.cpp(2655,11): warning C4244: '=': conversión de 'double' a 'float'; posible pérdida de datos
C:\CGeIHC\proyecto teoria\ROQUE_GRAFICA\Proyecto_Curso_CGeHC\PROYECTO_FINAL\Final.cpp(2656,11): warning C4244: '=': conversión de 'double' a 'float'; posible pérdida de datos
C:\CGeIHC\proyecto teoria\ROQUE_GRAFICA\Proyecto_Curso_CGeHC\PROYECTO_FINAL\Final.cpp(2660,16): warning C4244: 'inicializando': conversión de 'double' a 'float'; posible pérdida de datos
C:\CGeIHC\proyecto teoria\ROQUE_GRAFICA\Proyecto_Curso_CGeHC\PROYECTO_FINAL\Final.cpp(2661,16): warning C4244: 'inicializando': conversión de 'double' a 'float'; posible pérdida de datos
C:\CGeIHC\proyecto teoria\ROQUE_GRAFICA\Proyecto_Curso_CGeHC\PROYECTO_FINAL\Final.cpp(2663,10): warning C4244: '=': conversión de 'double' a 'float'; posible pérdida de datos
C:\CGeIHC\proyecto teoria\ROQUE_GRAFICA\Proyecto_Curso_CGeHC\PROYECTO_FINAL\Final.cpp(2664,10): warning C4244: '=': conversión de 'double' a 'float'; posible pérdida de datos
C:\CGeIHC\proyecto teoria\ROQUE_GRAFICA\Proyecto_Curso_CGeHC\PROYECTO_FINAL\Final.cpp(2672,28): warning C4244: 'argumento': conversión de 'double' a 'float'; posible pérdida de datos
  PROYECTO_FINAL.vcxproj -> C:\CGeIHC\proyecto teoria\ROQUE_GRAFICA\Proyecto_Curso_CGeHC\Debug\PROYECTO_FINAL.exe
